<?xml version="1.0" encoding="UTF-8"?>
<!-- Generated by org.testng.reporters.JUnitReportReporter -->
<testsuite hostname="MLBSRL-20159" failures="0" tests="3" name="com.crm.qa.testcases.LoginPageTest" time="49.257" errors="0" timestamp="02 Oct 2018 03:27:39 GMT" skipped="0">
  <testcase classname="com.crm.qa.testcases.LoginPageTest" name="validateLoginPageTitle" time="10.737"/>
  <testcase classname="com.crm.qa.testcases.LoginPageTest" name="crmLogo" time="10.015"/>
  <testcase classname="com.crm.qa.testcases.LoginPageTest" name="loginTest" time="28.505"/>
</testsuite> <!-- com.crm.qa.testcases.LoginPageTest -->
