<?xml version="1.0" encoding="UTF-8"?>
<!-- Generated by org.testng.reporters.JUnitReportReporter -->
<testsuite skipped="0" hostname="PFTBLR-LT-142" name="com.crm.qa.testcases.LoginPageTest" tests="1" failures="0" timestamp="10 Jun 2019 13:33:25 GMT" time="71.303" errors="0">
  <testcase name="VaildateUserLogin" time="71.303" classname="com.crm.qa.testcases.LoginPageTest"/>
</testsuite> <!-- com.crm.qa.testcases.LoginPageTest -->
