<?xml version="1.0" encoding="UTF-8"?>
<!-- Generated by org.testng.reporters.JUnitReportReporter -->
<testsuite skipped="0" hostname="PFTBLR-LT-142" name="com.crm.qa.testcases.LibraryPageTest" tests="1" failures="0" timestamp="10 Jun 2019 13:33:25 GMT" time="72.791" errors="0">
  <testcase name="LaunchTheScreenerWindow" time="72.791" classname="com.crm.qa.testcases.LibraryPageTest"/>
</testsuite> <!-- com.crm.qa.testcases.LibraryPageTest -->
