<?xml version="1.0" encoding="UTF-8"?>
<!-- Generated by org.testng.reporters.JUnitReportReporter -->
<testsuite skipped="0" hostname="PFTBLR-LT-142" name="com.crm.qa.testcases.HomepageTest" tests="1" failures="0" timestamp="10 Jun 2019 13:33:25 GMT" time="63.942" errors="0">
  <testcase name="NavigateToLibraryPage" time="63.942" classname="com.crm.qa.testcases.HomepageTest"/>
</testsuite> <!-- com.crm.qa.testcases.HomepageTest -->
