<?xml version="1.0" encoding="UTF-8"?>
<!-- Generated by org.testng.reporters.JUnitReportReporter -->
<testsuite skipped="0" hostname="PFTBLR-LT-142" name="com.crm.qa.testcases.ScreenerPublisherPageTest" tests="2" failures="0" timestamp="10 Jun 2019 13:33:25 GMT" time="178.503" errors="0">
  <testcase name="InternalPublish" time="90.990" classname="com.crm.qa.testcases.ScreenerPublisherPageTest"/>
  <testcase name="ExternalPublish" time="87.513" classname="com.crm.qa.testcases.ScreenerPublisherPageTest"/>
</testsuite> <!-- com.crm.qa.testcases.ScreenerPublisherPageTest -->
